<?xml version="1.0" encoding="UTF-8"?>
<testng-results skipped="0" failed="0" ignored="0" total="1" passed="1">
  <reporter-output>
    <line>
      <![CDATA[Click on checkbox 
]]>
    </line>
    <line>
      <![CDATA[succssfully expanded 
 ]]>
    </line>
    <line>
      <![CDATA[successfully collapse 
]]>
    </line>
    <line>
      <![CDATA[radio button oppened 
]]>
    </line>
    <line>
      <![CDATA[imoressive selected 
]]>
    </line>
  </reporter-output>
  <suite name="Default suite" duration-ms="12523" started-at="2020-09-20T13:42:33Z" finished-at="2020-09-20T13:42:46Z">
    <groups>
    </groups>
    <test name="Default test" duration-ms="12523" started-at="2020-09-20T13:42:33Z" finished-at="2020-09-20T13:42:46Z">
      <class name="selenium_practise.Checkbox">
        <test-method status="PASS" signature="check_checkbox()[pri:0, instance:selenium_practise.Checkbox@6536e911]" name="check_checkbox" duration-ms="12489" started-at="2020-09-20T13:42:34Z" finished-at="2020-09-20T13:42:46Z">
          <reporter-output>
            <line>
              <![CDATA[Click on checkbox 
]]>
            </line>
            <line>
              <![CDATA[succssfully expanded 
 ]]>
            </line>
            <line>
              <![CDATA[successfully collapse 
]]>
            </line>
            <line>
              <![CDATA[radio button oppened 
]]>
            </line>
            <line>
              <![CDATA[imoressive selected 
]]>
            </line>
          </reporter-output>
        </test-method> <!-- check_checkbox -->
      </class> <!-- selenium_practise.Checkbox -->
    </test> <!-- Default test -->
  </suite> <!-- Default suite -->
</testng-results>
